[0.573s] Invoking command in '/home/vboxuser/ros2_ws_1/src/build/my_robot_controller': PYTHONPATH=/home/vboxuser/ros2_ws_1/src/build/my_robot_controller/prefix_override:/usr/lib/python3/dist-packages/colcon_core/task/python/colcon_distutils_commands:/home/vboxuser/ros2_ws_1/src/install/my_robot_controller/lib/python3.10/site-packages:${PYTHONPATH} /usr/bin/python3 -W ignore:setup.py install is deprecated -W ignore:easy_install command is deprecated setup.py develop --editable --build-directory /home/vboxuser/ros2_ws_1/src/build/my_robot_controller/build --no-deps symlink_data --force
[0.774s] running develop
[0.876s] running egg_info
[0.876s] writing my_robot_controller.egg-info/PKG-INFO
[0.876s] writing dependency_links to my_robot_controller.egg-info/dependency_links.txt
[0.876s] writing entry points to my_robot_controller.egg-info/entry_points.txt
[0.877s] writing requirements to my_robot_controller.egg-info/requires.txt
[0.877s] writing top-level names to my_robot_controller.egg-info/top_level.txt
[0.878s] reading manifest file 'my_robot_controller.egg-info/SOURCES.txt'
[0.881s] writing manifest file 'my_robot_controller.egg-info/SOURCES.txt'
[0.884s] running build_ext
[0.884s] Creating /home/vboxuser/ros2_ws_1/src/install/my_robot_controller/lib/python3.10/site-packages/my-robot-controller.egg-link (link to .)
[0.884s] Installing draw_circle script to /home/vboxuser/ros2_ws_1/src/install/my_robot_controller/lib/my_robot_controller
[0.884s] Installing pose_subscriber script to /home/vboxuser/ros2_ws_1/src/install/my_robot_controller/lib/my_robot_controller
[0.884s] Installing test_node script to /home/vboxuser/ros2_ws_1/src/install/my_robot_controller/lib/my_robot_controller
[0.884s] 
[0.884s] Installed /home/vboxuser/ros2_ws_1/src/build/my_robot_controller
[0.884s] running symlink_data
[0.884s] symbolically linking /home/vboxuser/ros2_ws_1/src/build/my_robot_controller/resource/my_robot_controller -> /home/vboxuser/ros2_ws_1/src/install/my_robot_controller/share/ament_index/resource_index/packages
[0.885s] symbolically linking /home/vboxuser/ros2_ws_1/src/build/my_robot_controller/package.xml -> /home/vboxuser/ros2_ws_1/src/install/my_robot_controller/share/my_robot_controller
[0.905s] Invoked command in '/home/vboxuser/ros2_ws_1/src/build/my_robot_controller' returned '0': PYTHONPATH=/home/vboxuser/ros2_ws_1/src/build/my_robot_controller/prefix_override:/usr/lib/python3/dist-packages/colcon_core/task/python/colcon_distutils_commands:/home/vboxuser/ros2_ws_1/src/install/my_robot_controller/lib/python3.10/site-packages:${PYTHONPATH} /usr/bin/python3 -W ignore:setup.py install is deprecated -W ignore:easy_install command is deprecated setup.py develop --editable --build-directory /home/vboxuser/ros2_ws_1/src/build/my_robot_controller/build --no-deps symlink_data --force
