[0.377s] Invoking command in '/home/vboxuser/ros2_ws_1/src/my_robot_controller': PYTHONPATH=/home/vboxuser/ros2_ws_1/build/my_robot_controller/prefix_override:/usr/lib/python3/dist-packages/colcon_core/task/python/colcon_distutils_commands:/home/vboxuser/ros2_ws_1/install/my_robot_controller/lib/python3.10/site-packages:${PYTHONPATH} /usr/bin/python3 -W ignore:setup.py install is deprecated -W ignore:easy_install command is deprecated setup.py egg_info --egg-base ../../build/my_robot_controller build --build-base /home/vboxuser/ros2_ws_1/build/my_robot_controller/build install --record /home/vboxuser/ros2_ws_1/build/my_robot_controller/install.log --single-version-externally-managed install_data
[0.522s] running egg_info
[0.522s] writing ../../build/my_robot_controller/my_robot_controller.egg-info/PKG-INFO
[0.523s] writing dependency_links to ../../build/my_robot_controller/my_robot_controller.egg-info/dependency_links.txt
[0.523s] writing entry points to ../../build/my_robot_controller/my_robot_controller.egg-info/entry_points.txt
[0.523s] writing requirements to ../../build/my_robot_controller/my_robot_controller.egg-info/requires.txt
[0.523s] writing top-level names to ../../build/my_robot_controller/my_robot_controller.egg-info/top_level.txt
[0.524s] reading manifest file '../../build/my_robot_controller/my_robot_controller.egg-info/SOURCES.txt'
[0.525s] writing manifest file '../../build/my_robot_controller/my_robot_controller.egg-info/SOURCES.txt'
[0.526s] running build
[0.526s] running build_py
[0.527s] copying my_robot_controller/my_first_node.py -> /home/vboxuser/ros2_ws_1/build/my_robot_controller/build/lib/my_robot_controller
[0.529s] running install
[0.529s] running install_lib
[0.529s] copying /home/vboxuser/ros2_ws_1/build/my_robot_controller/build/lib/my_robot_controller/my_first_node.py -> /home/vboxuser/ros2_ws_1/install/my_robot_controller/lib/python3.10/site-packages/my_robot_controller
[0.529s] byte-compiling /home/vboxuser/ros2_ws_1/install/my_robot_controller/lib/python3.10/site-packages/my_robot_controller/my_first_node.py to my_first_node.cpython-310.pyc
[0.529s] running install_data
[0.529s] running install_egg_info
[0.530s] removing '/home/vboxuser/ros2_ws_1/install/my_robot_controller/lib/python3.10/site-packages/my_robot_controller-0.0.0-py3.10.egg-info' (and everything under it)
[0.533s] Copying ../../build/my_robot_controller/my_robot_controller.egg-info to /home/vboxuser/ros2_ws_1/install/my_robot_controller/lib/python3.10/site-packages/my_robot_controller-0.0.0-py3.10.egg-info
[0.534s] running install_scripts
[0.550s] Installing test_node script to /home/vboxuser/ros2_ws_1/install/my_robot_controller/lib/my_robot_controller
[0.550s] writing list of installed files to '/home/vboxuser/ros2_ws_1/build/my_robot_controller/install.log'
[0.568s] Invoked command in '/home/vboxuser/ros2_ws_1/src/my_robot_controller' returned '0': PYTHONPATH=/home/vboxuser/ros2_ws_1/build/my_robot_controller/prefix_override:/usr/lib/python3/dist-packages/colcon_core/task/python/colcon_distutils_commands:/home/vboxuser/ros2_ws_1/install/my_robot_controller/lib/python3.10/site-packages:${PYTHONPATH} /usr/bin/python3 -W ignore:setup.py install is deprecated -W ignore:easy_install command is deprecated setup.py egg_info --egg-base ../../build/my_robot_controller build --build-base /home/vboxuser/ros2_ws_1/build/my_robot_controller/build install --record /home/vboxuser/ros2_ws_1/build/my_robot_controller/install.log --single-version-externally-managed install_data
