[0.499s] Invoking command in '/home/vboxuser/ros2_ws_1/src/my_robot_controller': PYTHONPATH=/home/vboxuser/ros2_ws_1/build/my_robot_controller/prefix_override:/usr/lib/python3/dist-packages/colcon_core/task/python/colcon_distutils_commands:/home/vboxuser/ros2_ws_1/install/my_robot_controller/lib/python3.10/site-packages:${PYTHONPATH} /usr/bin/python3 -W ignore:setup.py install is deprecated -W ignore:easy_install command is deprecated setup.py egg_info --egg-base ../../build/my_robot_controller build --build-base /home/vboxuser/ros2_ws_1/build/my_robot_controller/build install --record /home/vboxuser/ros2_ws_1/build/my_robot_controller/install.log --single-version-externally-managed install_data
[0.659s] running egg_info
[0.660s] creating ../../build/my_robot_controller/my_robot_controller.egg-info
[0.660s] writing ../../build/my_robot_controller/my_robot_controller.egg-info/PKG-INFO
[0.660s] writing dependency_links to ../../build/my_robot_controller/my_robot_controller.egg-info/dependency_links.txt
[0.660s] writing entry points to ../../build/my_robot_controller/my_robot_controller.egg-info/entry_points.txt
[0.660s] writing requirements to ../../build/my_robot_controller/my_robot_controller.egg-info/requires.txt
[0.660s] writing top-level names to ../../build/my_robot_controller/my_robot_controller.egg-info/top_level.txt
[0.660s] writing manifest file '../../build/my_robot_controller/my_robot_controller.egg-info/SOURCES.txt'
[0.662s] reading manifest file '../../build/my_robot_controller/my_robot_controller.egg-info/SOURCES.txt'
[0.662s] writing manifest file '../../build/my_robot_controller/my_robot_controller.egg-info/SOURCES.txt'
[0.662s] running build
[0.662s] running build_py
[0.662s] creating /home/vboxuser/ros2_ws_1/build/my_robot_controller/build
[0.663s] creating /home/vboxuser/ros2_ws_1/build/my_robot_controller/build/lib
[0.663s] creating /home/vboxuser/ros2_ws_1/build/my_robot_controller/build/lib/my_robot_controller
[0.663s] copying my_robot_controller/__init__.py -> /home/vboxuser/ros2_ws_1/build/my_robot_controller/build/lib/my_robot_controller
[0.663s] running install
[0.663s] running install_lib
[0.665s] creating /home/vboxuser/ros2_ws_1/install/my_robot_controller/lib/python3.10/site-packages/my_robot_controller
[0.665s] copying /home/vboxuser/ros2_ws_1/build/my_robot_controller/build/lib/my_robot_controller/__init__.py -> /home/vboxuser/ros2_ws_1/install/my_robot_controller/lib/python3.10/site-packages/my_robot_controller
[0.666s] byte-compiling /home/vboxuser/ros2_ws_1/install/my_robot_controller/lib/python3.10/site-packages/my_robot_controller/__init__.py to __init__.cpython-310.pyc
[0.666s] running install_data
[0.666s] creating /home/vboxuser/ros2_ws_1/install/my_robot_controller/share/ament_index
[0.666s] creating /home/vboxuser/ros2_ws_1/install/my_robot_controller/share/ament_index/resource_index
[0.666s] creating /home/vboxuser/ros2_ws_1/install/my_robot_controller/share/ament_index/resource_index/packages
[0.666s] copying resource/my_robot_controller -> /home/vboxuser/ros2_ws_1/install/my_robot_controller/share/ament_index/resource_index/packages
[0.666s] copying package.xml -> /home/vboxuser/ros2_ws_1/install/my_robot_controller/share/my_robot_controller
[0.666s] running install_egg_info
[0.667s] Copying ../../build/my_robot_controller/my_robot_controller.egg-info to /home/vboxuser/ros2_ws_1/install/my_robot_controller/lib/python3.10/site-packages/my_robot_controller-0.0.0-py3.10.egg-info
[0.667s] running install_scripts
[0.682s] writing list of installed files to '/home/vboxuser/ros2_ws_1/build/my_robot_controller/install.log'
[0.706s] Invoked command in '/home/vboxuser/ros2_ws_1/src/my_robot_controller' returned '0': PYTHONPATH=/home/vboxuser/ros2_ws_1/build/my_robot_controller/prefix_override:/usr/lib/python3/dist-packages/colcon_core/task/python/colcon_distutils_commands:/home/vboxuser/ros2_ws_1/install/my_robot_controller/lib/python3.10/site-packages:${PYTHONPATH} /usr/bin/python3 -W ignore:setup.py install is deprecated -W ignore:easy_install command is deprecated setup.py egg_info --egg-base ../../build/my_robot_controller build --build-base /home/vboxuser/ros2_ws_1/build/my_robot_controller/build install --record /home/vboxuser/ros2_ws_1/build/my_robot_controller/install.log --single-version-externally-managed install_data
