[0.399s] Invoking command in '/home/vboxuser/ros2_ws_1/src/my_robot_controller': PYTHONPATH=/home/vboxuser/ros2_ws_1/build/my_robot_controller/prefix_override:/usr/lib/python3/dist-packages/colcon_core/task/python/colcon_distutils_commands:/home/vboxuser/ros2_ws_1/install/my_robot_controller/lib/python3.10/site-packages:${PYTHONPATH} /usr/bin/python3 -W ignore:setup.py install is deprecated -W ignore:easy_install command is deprecated setup.py egg_info --egg-base ../../build/my_robot_controller build --build-base /home/vboxuser/ros2_ws_1/build/my_robot_controller/build install --record /home/vboxuser/ros2_ws_1/build/my_robot_controller/install.log --single-version-externally-managed install_data
[0.539s] running egg_info
[0.539s] writing ../../build/my_robot_controller/my_robot_controller.egg-info/PKG-INFO
[0.539s] writing dependency_links to ../../build/my_robot_controller/my_robot_controller.egg-info/dependency_links.txt
[0.539s] writing entry points to ../../build/my_robot_controller/my_robot_controller.egg-info/entry_points.txt
[0.539s] writing requirements to ../../build/my_robot_controller/my_robot_controller.egg-info/requires.txt
[0.539s] writing top-level names to ../../build/my_robot_controller/my_robot_controller.egg-info/top_level.txt
[0.541s] reading manifest file '../../build/my_robot_controller/my_robot_controller.egg-info/SOURCES.txt'
[0.541s] writing manifest file '../../build/my_robot_controller/my_robot_controller.egg-info/SOURCES.txt'
[0.541s] running build
[0.541s] running build_py
[0.541s] copying my_robot_controller/my_first_node.py -> /home/vboxuser/ros2_ws_1/build/my_robot_controller/build/lib/my_robot_controller
[0.541s] running install
[0.542s] running install_lib
[0.543s] copying /home/vboxuser/ros2_ws_1/build/my_robot_controller/build/lib/my_robot_controller/my_first_node.py -> /home/vboxuser/ros2_ws_1/install/my_robot_controller/lib/python3.10/site-packages/my_robot_controller
[0.544s] byte-compiling /home/vboxuser/ros2_ws_1/install/my_robot_controller/lib/python3.10/site-packages/my_robot_controller/my_first_node.py to my_first_node.cpython-310.pyc
[0.544s] running install_data
[0.544s] running install_egg_info
[0.546s] removing '/home/vboxuser/ros2_ws_1/install/my_robot_controller/lib/python3.10/site-packages/my_robot_controller-0.0.0-py3.10.egg-info' (and everything under it)
[0.546s] Copying ../../build/my_robot_controller/my_robot_controller.egg-info to /home/vboxuser/ros2_ws_1/install/my_robot_controller/lib/python3.10/site-packages/my_robot_controller-0.0.0-py3.10.egg-info
[0.546s] running install_scripts
[0.562s] Installing test_node script to /home/vboxuser/ros2_ws_1/install/my_robot_controller/lib/my_robot_controller
[0.562s] writing list of installed files to '/home/vboxuser/ros2_ws_1/build/my_robot_controller/install.log'
[0.579s] Invoked command in '/home/vboxuser/ros2_ws_1/src/my_robot_controller' returned '0': PYTHONPATH=/home/vboxuser/ros2_ws_1/build/my_robot_controller/prefix_override:/usr/lib/python3/dist-packages/colcon_core/task/python/colcon_distutils_commands:/home/vboxuser/ros2_ws_1/install/my_robot_controller/lib/python3.10/site-packages:${PYTHONPATH} /usr/bin/python3 -W ignore:setup.py install is deprecated -W ignore:easy_install command is deprecated setup.py egg_info --egg-base ../../build/my_robot_controller build --build-base /home/vboxuser/ros2_ws_1/build/my_robot_controller/build install --record /home/vboxuser/ros2_ws_1/build/my_robot_controller/install.log --single-version-externally-managed install_data
